<?xml version="1.0" encoding="UTF-8"?>
<!-- Generated by org.testng.reporters.JUnitReportReporter -->
<testsuite hostname="Lajirs-MacBook-Pro.local" name="seltest12.testSeltest" tests="1" failures="0" timestamp="27 Mar 2017 19:49:09 GMT" time="8.922" errors="0">
  <testcase name="testLoginFB" time="8.922" classname="seltest12.testSeltest"/>
</testsuite> <!-- seltest12.testSeltest -->
